<?xml version="1.0" encoding="UTF-8"?>
<!-- Generated by org.testng.reporters.JUnitReportReporter -->
<testsuite hostname="DESKTOP-2MDFI7U" failures="0" tests="3" name="techproed.tests.Day12_TestNGAnnotations" time="0.012" errors="0" timestamp="2022-09-21T12:20:56 BST" skipped="2">
  <testcase classname="techproed.tests.Day12_TestNGAnnotations" name="test01" time="0.012"/>
  <system-out/>
  <testcase classname="techproed.tests.Day12_TestNGAnnotations" name="test03">
    <skipped/>
  </testcase> <!-- test03 -->
  <system-out/>
  <testcase classname="techproed.tests.Day12_TestNGAnnotations" name="test02">
    <skipped/>
  </testcase> <!-- test02 -->
  <system-out/>
</testsuite> <!-- techproed.tests.Day12_TestNGAnnotations -->
