<?xml version="1.0" encoding="UTF-8"?>
<!-- Generated by org.testng.reporters.JUnitReportReporter -->
<testsuite hostname="DESKTOP-2MDFI7U" failures="0" tests="3" name="techproed.tests.dataprovider.Day16_DataProvider1" time="0.023" errors="0" timestamp="2022-09-21T12:11:53 BST" skipped="0">
  <testcase classname="techproed.tests.dataprovider.Day16_DataProvider1" name="employeeLogin" time="0.020"/>
  <system-out/>
  <testcase classname="techproed.tests.dataprovider.Day16_DataProvider1" name="employeeLogin" time="0.002"/>
  <system-out/>
  <testcase classname="techproed.tests.dataprovider.Day16_DataProvider1" name="employeeLogin" time="0.001"/>
  <system-out/>
</testsuite> <!-- techproed.tests.dataprovider.Day16_DataProvider1 -->
